Apr 26 14:17 : exception: RTIOThread could not get realtime scheduling, continuing anyway: sched_setscheduler failed: Operation not permitted
Apr 26 14:17 : exception: Failed to open '/home/xiachao/.config/mpd/mpdstate': No such file or directory
Apr 26 14:17 : update: added /世の礎たるために.mp3
Apr 26 14:17 : update: added /覆面超人ギャランドゥ.mp3
Apr 26 14:17 : update: added /忠勝 ~Sengoku3 Mix~.mp3
Apr 26 14:17 : update: added /零の軌跡.mp3
Apr 26 14:17 : update: added /A Light Illuminatin The Depths.mp3
Apr 26 14:17 : update: added /螺旋要塞メルセデク.mp3
Apr 26 14:17 : update: added /Bloody Brass Band.mp3
Apr 26 14:17 : update: added /萌動.mp3
Apr 26 14:17 : update: added /リュウ.ハヤブサ 鮮烈のリュウ -DW SW MIX-.mp3
Apr 26 14:17 : update: added /Heated Mind.mp3
Apr 26 14:17 : update: added /エスピナへ捧ぐ祈り.mp3
Apr 26 14:17 : update: added /閃光.mp3
Apr 26 14:17 : update: added /Stand Your Ground.mp3
Apr 26 14:17 : update: added /戦神.mp3
Apr 26 14:17 : update: added /Voyage of Promise.mp3
Apr 26 14:17 : update: added /A Light Illuminatin The Depths-Remix.mp3
Apr 26 14:17 : update: added /薄氷.mp3
Apr 26 14:17 : update: added /Night Scoop.mp3
Apr 26 14:17 : update: added /ブレイズエッジ.mp3
Apr 26 14:17 : update: added /银の意志.mp3
Apr 26 14:17 : update: added /虎穴に入りて虎児を得よ.mp3
Apr 26 14:17 : update: added /双桜 -真田丸-.mp3
Apr 26 14:17 : update: added /想いの眠るゆりかご.mp3
Apr 26 14:17 : update: added /空の轨迹.mp3
Apr 26 14:17 : update: added /ギャラリ LIMPID LIGHT.mp3
Apr 26 14:17 : update: added /山猫号反攻作戦.mp3
Apr 26 14:17 : update: added /日本一ノ兵～哀歌.mp3
Apr 26 14:17 : update: added /サンレス水郷.mp3
Apr 26 14:17 : update: added /Veiled in Black(Arrangement).mp3
Apr 26 14:17 : update: added /あやね Tehu Tehu -DW SW MIX.mp3
Apr 26 14:17 : update: added /鉄桥を越えて.mp3
Apr 26 14:17 : update: added /Windy Day.mp3
Apr 26 14:17 : update: added /ノーマルバトル.mp3
Apr 26 14:17 : update: added /Veiled in Black.mp3
Apr 26 14:17 : client: [0] opened from 127.0.0.1:60878
Apr 26 14:17 : exception: Failed to read mixer for 'ALSA sound card': no such mixer control: PCM
Apr 26 14:17 : client: [0] closed
Apr 26 14:20 : exception: RTIOThread could not get realtime scheduling, continuing anyway: sched_setscheduler failed: Operation not permitted
Apr 26 14:21 : exception: RTIOThread could not get realtime scheduling, continuing anyway: sched_setscheduler failed: Operation not permitted
Apr 26 14:22 : exception: RTIOThread could not get realtime scheduling, continuing anyway: sched_setscheduler failed: Operation not permitted
Apr 26 14:23 : client: [0] opened from 127.0.0.1:60968
Apr 26 14:23 : exception: Failed to read mixer for 'ALSA sound card': no such mixer control: PCM
Apr 26 14:23 : client: [0] closed
Apr 26 14:26 : exception: RTIOThread could not get realtime scheduling, continuing anyway: sched_setscheduler failed: Operation not permitted
Apr 26 14:26 : client: [0] opened from 127.0.0.1:32770
Apr 26 14:26 : exception: Failed to read mixer for 'ALSA sound card': no such mixer control: PCM
Apr 26 14:26 : client: [0] closed
Apr 26 14:41 : exception: RTIOThread could not get realtime scheduling, continuing anyway: sched_setscheduler failed: Operation not permitted
Apr 26 14:42 : exception: RTIOThread could not get realtime scheduling, continuing anyway: sched_setscheduler failed: Operation not permitted
Apr 26 14:43 : client: [0] opened from 127.0.0.1:33174
Apr 26 14:43 : client: [0] closed
Apr 26 14:55 : exception: RTIOThread could not get realtime scheduling, continuing anyway: sched_setscheduler failed: Operation not permitted
Apr 26 14:55 : exception: RTIOThread could not get realtime scheduling, continuing anyway: sched_setscheduler failed: Operation not permitted
Apr 26 14:56 : client: [0] opened from 127.0.0.1:33662
Apr 26 14:56 : exception: Failed to read mixer for 'My ALSA Device': no such mixer control: PCM
Apr 26 14:56 : client: [0] closed
Apr 26 15:00 : client: [1] opened from 127.0.0.1:33736
Apr 26 15:00 : exception: Failed to open '/home/xiachao/.config/mpd/playlists/收藏夹.m3u': No such file or directory
Apr 26 15:00 : exception: No such playlist
Apr 26 15:00 : exception: OutputThread could not get realtime scheduling, continuing anyway: sched_setscheduler failed: Operation not permitted
Apr 26 15:00 : exception: Failed to open mixer for 'My ALSA Device': no such mixer control: PCM
Apr 26 15:06 : player: played "Voyage of Promise.mp3"
Apr 26 15:07 : exception: Failed to open mixer for 'My ALSA Device': no such mixer control: PCM
Apr 26 15:09 : client: [1] closed
Apr 26 15:09 : client: [2] opened from 127.0.0.1:33932
Apr 26 15:10 : exception: Failed to open mixer for 'My ALSA Device': no such mixer control: PCM
Apr 26 15:10 : client: [2] closed
Apr 26 15:10 : player: played "山猫号反攻作戦.mp3"
Apr 26 15:10 : exception: RTIOThread could not get realtime scheduling, continuing anyway: sched_setscheduler failed: Operation not permitted
Apr 26 15:10 : exception: OutputThread could not get realtime scheduling, continuing anyway: sched_setscheduler failed: Operation not permitted
Apr 26 15:10 : exception: Failed to open "My ALSA Device" (alsa)
Apr 26 15:10 : exception: nested: Failed to open ALSA device "hw:0,0": Device or resource busy
Apr 26 15:10 : exception: Failed to open "My ALSA Device" (alsa)
Apr 26 15:10 : exception: nested: Failed to open ALSA device "hw:0,0": Device or resource busy
Apr 26 15:10 : player: problems opening audio device while playing "山猫号反攻作戦.mp3"
Apr 26 15:10 : client: [0] opened from 127.0.0.1:33950
Apr 26 15:10 : exception: Failed to read mixer for 'My ALSA Device': no such mixer control: PCM
Apr 26 15:11 : exception: Failed to open mixer for 'My ALSA Device': no such mixer control: PCM
Apr 26 15:15 : player: played "山猫号反攻作戦.mp3"
Apr 26 15:22 : player: played "A Light Illuminatin The Depths-Remix.mp3"
Apr 26 15:23 : exception: Failed to open mixer for 'My ALSA Device': no such mixer control: PCM
Apr 26 15:27 : client: [0] closed
Apr 26 15:27 : player: played "Voyage of Promise.mp3"
Apr 26 16:09 : exception: RTIOThread could not get realtime scheduling, continuing anyway: sched_setscheduler failed: Operation not permitted
Apr 26 16:09 : exception: OutputThread could not get realtime scheduling, continuing anyway: sched_setscheduler failed: Operation not permitted
Apr 26 16:09 : exception: Failed to open mixer for 'My ALSA Device': no such mixer control: PCM
Apr 26 16:09 : client: [0] opened from 127.0.0.1:34890
Apr 26 16:10 : player: played "Voyage of Promise.mp3"
Apr 26 16:10 : exception: Failed to open mixer for 'My ALSA Device': no such mixer control: PCM
Apr 26 16:13 : client: [0] closed
Apr 26 16:13 : player: played "A Light Illuminatin The Depths-Remix.mp3"
